<?xml version="1.0" encoding="UTF-8"?>
<testng-results ignored="0" total="5" passed="5" failed="0" skipped="0">
  <reporter-output>
  </reporter-output>
  <suite started-at="2023-09-14T23:31:47 PKT" name="Default suite" finished-at="2023-09-14T23:32:09 PKT" duration-ms="21789">
    <groups>
    </groups>
    <test started-at="2023-09-14T23:31:47 PKT" name="Default test" finished-at="2023-09-14T23:32:09 PKT" duration-ms="21789">
      <class name="Sausedemo.Zain.Project">
        <test-method signature="login()[pri:1, instance:Sausedemo.Zain.Project@242b836]" started-at="2023-09-14T23:31:47 PKT" name="login" finished-at="2023-09-14T23:31:54 PKT" duration-ms="6469" status="PASS">
          <reporter-output>
          </reporter-output>
        </test-method> <!-- login -->
        <test-method signature="invalid()[pri:2, instance:Sausedemo.Zain.Project@242b836]" started-at="2023-09-14T23:31:54 PKT" name="invalid" finished-at="2023-09-14T23:31:57 PKT" duration-ms="3531" status="PASS">
          <reporter-output>
          </reporter-output>
        </test-method> <!-- invalid -->
        <test-method signature="AddProduct()[pri:3, instance:Sausedemo.Zain.Project@242b836]" started-at="2023-09-14T23:31:57 PKT" name="AddProduct" finished-at="2023-09-14T23:32:01 PKT" duration-ms="3784" status="PASS">
          <reporter-output>
          </reporter-output>
        </test-method> <!-- AddProduct -->
        <test-method signature="DeleteProduct()[pri:4, instance:Sausedemo.Zain.Project@242b836]" started-at="2023-09-14T23:32:01 PKT" name="DeleteProduct" finished-at="2023-09-14T23:32:05 PKT" duration-ms="3750" status="PASS">
          <reporter-output>
          </reporter-output>
        </test-method> <!-- DeleteProduct -->
        <test-method signature="CheckOutProduct()[pri:5, instance:Sausedemo.Zain.Project@242b836]" started-at="2023-09-14T23:32:05 PKT" name="CheckOutProduct" finished-at="2023-09-14T23:32:09 PKT" duration-ms="4196" status="PASS">
          <reporter-output>
          </reporter-output>
        </test-method> <!-- CheckOutProduct -->
      </class> <!-- Sausedemo.Zain.Project -->
    </test> <!-- Default test -->
  </suite> <!-- Default suite -->
</testng-results>
